<?xml version="1.0" encoding="UTF-8"?>
<!-- Generated by org.testng.reporters.JUnitXMLReporter -->
<testsuite ignored="0" hostname="IN-PF42S2SA" failures="0" tests="3" name="CreateCart" time="65.31" errors="0" timestamp="2024-07-17T15:23:22 IST">
  <testcase classname="dotfoods.com.test.CreateCartTest" name="createCart" time="41.34"/>
  <testcase classname="dotfoods.com.test.CreateCartTest" name="verifyCreatedCart" time="10.056"/>
  <testcase classname="dotfoods.com.test.CreateCartTest" name="verifyStatusOfCreatedCart" time="0.106"/>
</testsuite> <!-- CreateCart -->
