<?xml version="1.0" encoding="UTF-8"?>
<!-- Generated by org.testng.reporters.JUnitXMLReporter -->
<testsuite ignored="0" hostname="IN-PF42S2SA" failures="0" tests="3" name="CreateCart" time="47.088" errors="0" timestamp="2024-07-26T12:45:16 IST">
  <testcase classname="dotfoods.com.test.CreateCartTest" name="createCart" time="26.462"/>
  <testcase classname="dotfoods.com.test.CreateCartTest" name="verifyCreatedCart" time="7.107"/>
  <testcase classname="dotfoods.com.test.CreateCartTest" name="verifyStatusOfCreatedCart" time="0.057"/>
</testsuite> <!-- CreateCart -->
