<?xml version="1.0" encoding="UTF-8"?>
<testng-results ignored="0" total="2" passed="2" failed="0" skipped="0">
  <reporter-output>
  </reporter-output>
  <suite started-at="2024-07-26T11:09:49 IST" name="Default suite" finished-at="2024-07-26T11:11:06 IST" duration-ms="76189">
    <groups>
      <group name="cucumber">
        <method signature="AbstractTestNGCucumberTests.runScenario(io.cucumber.testng.PickleWrapper,io.cucumber.testng.FeatureWrapper)[pri:0, instance:cucumber.TestNGTestRunner@1a6c1270]" name="runScenario" class="io.cucumber.testng.AbstractTestNGCucumberTests"/>
      </group> <!-- cucumber -->
    </groups>
    <test started-at="2024-07-26T11:09:49 IST" name="Default test" finished-at="2024-07-26T11:11:06 IST" duration-ms="76189">
      <class name="cucumber.TestNGTestRunner">
        <test-method is-config="true" signature="setUpClass(org.testng.ITestContext)[pri:0, instance:cucumber.TestNGTestRunner@1a6c1270]" started-at="2024-07-26T11:09:49 IST" name="setUpClass" finished-at="2024-07-26T11:09:50 IST" duration-ms="442" status="PASS">
          <params>
            <param index="0">
              <value>
                <![CDATA[org.testng.TestRunner@43df1377]]>
              </value>
            </param>
          </params>
          <reporter-output>
          </reporter-output>
        </test-method> <!-- setUpClass -->
        <test-method signature="runScenario(io.cucumber.testng.PickleWrapper,io.cucumber.testng.FeatureWrapper)[pri:0, instance:cucumber.TestNGTestRunner@1a6c1270]" started-at="2024-07-26T11:09:50 IST" name="runScenario" description="Runs Cucumber Scenarios" data-provider="scenarios" finished-at="2024-07-26T11:10:16 IST" duration-ms="25929" status="PASS">
          <params>
            <param index="0">
              <value>
                <![CDATA["OrderForm Functionality"]]>
              </value>
            </param>
            <param index="1">
              <value>
                <![CDATA["Order Form Functionality"]]>
              </value>
            </param>
          </params>
          <reporter-output>
          </reporter-output>
        </test-method> <!-- runScenario -->
        <test-method signature="runScenario(io.cucumber.testng.PickleWrapper,io.cucumber.testng.FeatureWrapper)[pri:0, instance:cucumber.TestNGTestRunner@1a6c1270]" started-at="2024-07-26T11:10:16 IST" name="runScenario" description="Runs Cucumber Scenarios" data-provider="scenarios" finished-at="2024-07-26T11:11:03 IST" duration-ms="46867" status="PASS">
          <params>
            <param index="0">
              <value>
                <![CDATA["Positive test of placing the order"]]>
              </value>
            </param>
            <param index="1">
              <value>
                <![CDATA["Order Placement functionality of DotFoods application"]]>
              </value>
            </param>
          </params>
          <reporter-output>
          </reporter-output>
        </test-method> <!-- runScenario -->
        <test-method is-config="true" signature="tearDownClass()[pri:0, instance:cucumber.TestNGTestRunner@1a6c1270]" started-at="2024-07-26T11:11:03 IST" name="tearDownClass" finished-at="2024-07-26T11:11:06 IST" duration-ms="2786" status="PASS">
          <reporter-output>
          </reporter-output>
        </test-method> <!-- tearDownClass -->
      </class> <!-- cucumber.TestNGTestRunner -->
    </test> <!-- Default test -->
  </suite> <!-- Default suite -->
</testng-results>
